2025-04-25 12:56:48,311 - ServerManager - INFO - Servidor Django iniciado correctamente
2025-04-25 12:56:48,485 - DatabaseManager - INFO - Conexión a la base de datos establecida correctamente
2025-04-25 12:56:48,543 - DatabaseManager - INFO - Conexión a la base de datos establecida correctamente
2025-04-25 12:56:58,704 - OfertasView - INFO - Enviando solicitud de importación a http://localhost:8000/api/ofertas/importar/
2025-04-25 12:58:06,706 - ServerManager - INFO - Servidor Django detenido
2025-04-25 13:02:27,021 - ServerManager - INFO - Servidor Django iniciado correctamente
2025-04-25 13:02:27,085 - DatabaseManager - INFO - Conexión a la base de datos establecida correctamente
2025-04-25 13:02:27,140 - DatabaseManager - INFO - Conexión a la base de datos establecida correctamente
2025-04-25 13:02:39,521 - OfertasView - INFO - Enviando solicitud de importación a http://localhost:8000/api/ofertas/importar/
2025-04-25 13:03:33,088 - OfertasView - INFO - Enviando solicitud de importación a http://localhost:8000/api/ofertas/importar/
2025-04-25 13:04:18,383 - ServerManager - INFO - Servidor Django detenido
2025-04-25 13:06:01,578 - ServerManager - INFO - Servidor Django iniciado correctamente
2025-04-25 13:06:01,645 - DatabaseManager - INFO - Conexión a la base de datos establecida correctamente
2025-04-25 13:06:01,712 - DatabaseManager - INFO - Conexión a la base de datos establecida correctamente
2025-04-25 13:06:11,574 - OfertasView - INFO - Enviando solicitud de importación a http://localhost:8000/api/ofertas/importar/
2025-04-25 13:06:13,638 - OfertasView - ERROR - Error durante la importación: Expecting value: line 2 column 1 (char 1)
2025-04-25 13:08:15,660 - OfertasView - INFO - Enviando solicitud de importación a http://localhost:8000/api/ofertas/importar/
2025-04-25 13:08:17,698 - OfertasView - ERROR - Error durante la importación: Expecting value: line 2 column 1 (char 1)
2025-04-25 13:08:29,431 - ServerManager - INFO - Servidor Django detenido
2025-04-25 13:09:33,850 - ServerManager - INFO - Servidor Django iniciado correctamente
2025-04-25 13:09:33,921 - DatabaseManager - INFO - Conexión a la base de datos establecida correctamente
2025-04-25 13:09:33,985 - DatabaseManager - INFO - Conexión a la base de datos establecida correctamente
2025-04-25 13:09:47,015 - OfertasView - INFO - Enviando solicitud de importación a http://localhost:8000/api/ofertas/importar/
2025-04-25 13:09:49,089 - OfertasView - ERROR - Error durante la importación: Expecting value: line 2 column 1 (char 1)
2025-04-25 13:10:38,951 - ServerManager - INFO - Servidor Django detenido
2025-04-25 13:12:02,736 - ServerManager - INFO - Servidor Django iniciado correctamente
2025-04-25 13:12:02,791 - DatabaseManager - INFO - Conexión a la base de datos establecida correctamente
2025-04-25 13:12:02,854 - DatabaseManager - INFO - Conexión a la base de datos establecida correctamente
2025-04-25 13:12:22,223 - OfertasView - INFO - Enviando solicitud de importación a http://localhost:8000/api/ofertas/importar/
2025-04-25 13:12:32,006 - OfertasView - INFO - Enviando solicitud de importación a http://localhost:8000/api/ofertas/importar/
2025-04-25 13:12:44,133 - ServerManager - INFO - Servidor Django detenido
